"../../../../../../Users/Murilinho/Documents/Unreal Projects/BloodRunner/Content/Mannequin/Character/Mesh/SK_Mannequin_PhysicsAsset.uasset" 0
"../../../../../../Users/Murilinho/Documents/Unreal Projects/BloodRunner/Content/Mannequin/Character/Textures/T_UE4Logo_N.uasset" 1
"../../../../../../Users/Murilinho/Documents/Unreal Projects/BloodRunner/Content/Mannequin/Character/Textures/T_UE4Logo_Mask.uasset" 2
"../../../../../../Users/Murilinho/Documents/Unreal Projects/BloodRunner/Content/Mannequin/Character/Textures/T_Male_N.uasset" 3
"../../../../../../Users/Murilinho/Documents/Unreal Projects/BloodRunner/Content/Mannequin/Character/Textures/T_Male_Mask.uasset" 4
"../../../../../../Users/Murilinho/Documents/Unreal Projects/BloodRunner/Content/Mannequin/Character/Materials/MaterialLayers/T_ML_Rubber_Blue_01_N.uasset" 5
"../../../../../../Users/Murilinho/Documents/Unreal Projects/BloodRunner/Content/Mannequin/Character/Materials/MaterialLayers/T_ML_Rubber_Blue_01_D.uasset" 6
"../../../../../../Users/Murilinho/Documents/Unreal Projects/BloodRunner/Content/Mannequin/Character/Materials/MaterialLayers/T_ML_Aluminum01_N.uasset" 7
"../../../../../../Users/Murilinho/Documents/Unreal Projects/BloodRunner/Content/Mannequin/Character/Materials/MaterialLayers/T_ML_Aluminum01.uasset" 8
"../../../../../../Users/Murilinho/Documents/Unreal Projects/BloodRunner/Content/Mannequin/Character/Materials/MaterialLayers/ML_SoftMetal_UE4.uasset" 9
"../../../../../../Users/Murilinho/Documents/Unreal Projects/BloodRunner/Content/Mannequin/Character/Materials/MaterialLayers/ML_Plastic_Shiny_Beige_LOGO.uasset" 10
"../../../../../../Users/Murilinho/Documents/Unreal Projects/BloodRunner/Content/Mannequin/Character/Materials/MaterialLayers/ML_Plastic_Shiny_Beige.uasset" 11
"../../../../../../Users/Murilinho/Documents/Unreal Projects/BloodRunner/Content/Mannequin/Character/Materials/MaterialLayers/ML_GlossyBlack_Latex_UE4.uasset" 12
"../../../Engine/Content/Functions/MaterialLayerFunctions/MatLayerBlend_Simple.uasset" 13
"../../../Engine/Content/Functions/Engine_MaterialFunctions02/Utility/BlendAngleCorrectedNormals.uasset" 14
"../../../Engine/Content/Functions/MaterialLayerFunctions/MatLayerBlend_NormalBlend.uasset" 15
"../../../../../../Users/Murilinho/Documents/Unreal Projects/BloodRunner/Content/Mannequin/Character/Materials/M_Male_Body.uasset" 16
"../../../../../../Users/Murilinho/Documents/Unreal Projects/BloodRunner/Content/Mannequin/Character/Materials/M_UE4Man_ChestLogo.uasset" 17
"../../../../../../Users/Murilinho/Documents/Unreal Projects/BloodRunner/Content/Mannequin/Character/Mesh/UE4_Mannequin_Skeleton.uasset" 18
"../../../../../../Users/Murilinho/Documents/Unreal Projects/BloodRunner/Content/Mannequin/Character/Mesh/SK_Mannequin.uasset" 19
"../../../Engine/Content/EditorBlueprintResources/StandardMacros.uasset" 20
"../../../../../../Users/Murilinho/Documents/Unreal Projects/BloodRunner/Content/Mannequin/Animations/ThirdPersonWalk.uasset" 21
"../../../../../../Users/Murilinho/Documents/Unreal Projects/BloodRunner/Content/Mannequin/Animations/ThirdPersonRun.uasset" 22
"../../../../../../Users/Murilinho/Documents/Unreal Projects/BloodRunner/Content/Mannequin/Animations/ThirdPersonIdle.uasset" 23
"../../../../../../Users/Murilinho/Documents/Unreal Projects/BloodRunner/Content/Mannequin/Animations/ThirdPerson_IdleRun_2D.uasset" 24
"../../../../../../Users/Murilinho/Documents/Unreal Projects/BloodRunner/Content/Mannequin/Animations/ThirdPerson_Jump.uasset" 25
"../../../../../../Users/Murilinho/Documents/Unreal Projects/BloodRunner/Content/Mannequin/Animations/ThirdPersonJump_Start.uasset" 26
"../../../../../../Users/Murilinho/Documents/Unreal Projects/BloodRunner/Content/Mannequin/Animations/ThirdPersonJump_Loop.uasset" 27
"../../../../../../Users/Murilinho/Documents/Unreal Projects/BloodRunner/Content/Mannequin/Animations/ThirdPerson_AnimBP.uasset" 28
"../../../../../../Users/Murilinho/Documents/Unreal Projects/BloodRunner/Content/Blueprints/ThirdPersonCharacter.uasset" 29
"../../../../../../Users/Murilinho/Documents/Unreal Projects/BloodRunner/Content/Blueprints/ThirdPersonGameMode.uasset" 30
"../../../../../../Users/Murilinho/Documents/Unreal Projects/BloodRunner/Content/Geometry/Meshes/CubeMaterial.uasset" 31
"../../../../../../Users/Murilinho/Documents/Unreal Projects/BloodRunner/Content/Geometry/Meshes/1M_Cube.uasset" 32
"../../../../../../Users/Murilinho/Documents/Unreal Projects/BloodRunner/Content/Geometry/Meshes/1M_Cube_Chamfer.uasset" 33
"../../../../../../Users/Murilinho/Documents/Unreal Projects/BloodRunner/Content/Mannequin/Animations/ThirdPersonJump_End.uasset" 34
"../../../../../../Users/Murilinho/Documents/Unreal Projects/BloodRunner/Content/Mannequin/Character/Mesh/SK_Mannequin_Female_PhysicsAsset.uasset" 35
"../../../../../../Users/Murilinho/Documents/Unreal Projects/BloodRunner/Content/Mannequin/Character/Textures/T_Female_N.uasset" 36
"../../../../../../Users/Murilinho/Documents/Unreal Projects/BloodRunner/Content/Mannequin/Character/Textures/T_Female_Mask.uasset" 37
"../../../../../../Users/Murilinho/Documents/Unreal Projects/BloodRunner/Content/Mannequin/Character/Materials/MI_Female_Body.uasset" 38
"../../../../../../Users/Murilinho/Documents/Unreal Projects/BloodRunner/Content/Mannequin/Character/Mesh/SK_Mannequin_Female.uasset" 39
"../../../Engine/Content/Animation/DefaultAnimBoneCompressionSettings.uasset" 40
"../../../Engine/Content/Animation/DefaultAnimCurveCompressionSettings.uasset" 41
"../../../Engine/Content/EngineMaterials/T_Default_Material_Grid_N.uasset" 42
"../../../Engine/Content/EngineMaterials/T_Default_Material_Grid_M.uasset" 43
"../../../Engine/Content/Functions/Engine_MaterialFunctions01/Opacity/CameraDepthFade.uasset" 44
"../../../Engine/Content/EngineMaterials/WorldGridMaterial.uasset" 45
"../../../Engine/Content/ArtTools/RenderToTexture/Meshes/S_1_Unit_Plane.uasset" 46
"../../../Engine/Content/EngineMaterials/DefaultMaterial.uasset" 47
"../../../Engine/Content/BasicShapes/Cone.uasset" 48
"../../../Engine/Content/BasicShapes/Plane.uasset" 49
"../../../Engine/Content/BasicShapes/Sphere.uasset" 50
"../../../Engine/Content/EditorLandscapeResources/DataLayer.uasset" 51
"../../../Engine/Content/EditorLandscapeResources/DefaultAlphaTexture.uasset" 52
"../../../Engine/Content/EditorMaterials/MAT_Groups_Toggle.uasset" 53
"../../../Engine/Content/EditorMaterials/MAT_Groups_Visibility.uasset" 54
"../../../Engine/Content/EditorMaterials/PreviewShadowIndicator.uasset" 55
"../../../Engine/Content/EditorMaterials/PreviewShadowIndicatorMaterial.uasset" 56
"../../../Engine/Content/EditorMaterials/MatineeGroups/MAT_ColorTrack.uasset" 57
"../../../Engine/Content/EditorMaterials/MatineeGroups/MAT_Groups_Anim.uasset" 58
"../../../Engine/Content/EditorMaterials/MatineeGroups/MAT_Groups_AudioMaster.uasset" 59
"../../../Engine/Content/EditorMaterials/MatineeGroups/MAT_Groups_Director.uasset" 60
"../../../Engine/Content/EditorMaterials/MatineeGroups/MAT_Groups_Event.uasset" 61
"../../../Engine/Content/EditorMaterials/MatineeGroups/MAT_Groups_Fade.uasset" 62
"../../../Engine/Content/EditorMaterials/MatineeGroups/MAT_Groups_Float.uasset" 63
"../../../Engine/Content/EditorMaterials/MatineeGroups/MAT_Groups_Move.uasset" 64
"../../../Engine/Content/EditorMaterials/MatineeGroups/MAT_Groups_Slomo.uasset" 65
"../../../Engine/Content/EditorMaterials/MatineeGroups/MAT_Groups_Sound.uasset" 66
"../../../Engine/Content/EditorMaterials/MatineeGroups/MAT_Groups_Vector.uasset" 67
"../../../Engine/Content/EditorMaterials/ParticleSystems/PSysThumbnail_NoImage.uasset" 68
"../../../Engine/Content/EditorMaterials/ParticleSystems/PSysThumbnail_OOD.uasset" 69
"../../../Engine/Content/EditorMaterials/Camera/CineMat.uasset" 70
"../../../Engine/Content/EditorMaterials/Camera/MI_CineMat_Rig.uasset" 71
"../../../Engine/Content/EditorMeshes/Camera/SM_CraneRig_Arm.uasset" 72
"../../../Engine/Content/EditorMeshes/Camera/SM_CraneRig_Base.uasset" 73
"../../../Engine/Content/EditorMeshes/Camera/SM_CraneRig_Body.uasset" 74
"../../../Engine/Content/EditorMeshes/Camera/SM_CraneRig_Mount.uasset" 75
"../../../Engine/Content/EditorMeshes/Camera/SM_RailRig_Mount.uasset" 76
"../../../Engine/Content/EditorMeshes/Camera/SM_RailRig_Track.uasset" 77
"../../../Engine/Content/EditorResources/BSPVertex.uasset" 78
"../../../Engine/Content/EditorResources/EmptyActor.uasset" 79
"../../../Engine/Content/EditorResources/S_Actor.uasset" 80
"../../../Engine/Content/EditorResources/S_Note.uasset" 81
"../../../Engine/Content/EditorResources/S_Solver.uasset" 82
"../../../Engine/Content/EditorResources/S_Terrain.uasset" 83
"../../../Engine/Content/EditorResources/S_Trigger.uasset" 84
"../../../Engine/Content/EditorResources/LightIcons/S_LightError.uasset" 85
"../../../Engine/Content/EditorResources/SequenceRecorder/Countdown.uasset" 86
"../../../Engine/Content/EditorResources/SequenceRecorder/RecordingIndicator.uasset" 87
"../../../Engine/Content/EngineDamageTypes/DmgTypeBP_Environmental.uasset" 88
"../../../Engine/Content/EngineDebugMaterials/DebugEditorMaterial.uasset" 89
"../../../Engine/Content/EngineDebugMaterials/DebugMeshMaterial.uasset" 90
"../../../Engine/Content/EngineDebugMaterials/M_SimpleUnlitTranslucent.uasset" 91
"../../../Engine/Content/EngineDebugMaterials/VolumeToRender.uasset" 92
"../../../Engine/Content/Functions/Engine_MaterialFunctions02/Utility/CameraDirectionVector.uasset" 93
"../../../Engine/Content/EngineDebugMaterials/M_VolumeRenderSphereTracePP.uasset" 94
"../../../Engine/Content/Functions/Engine_MaterialFunctions01/Shading/ConvertFromDiffSpec.uasset" 95
"../../../Engine/Content/EngineDebugMaterials/VertexColorMaterial.uasset" 96
"../../../Engine/Content/EngineDebugMaterials/WireframeMaterial.uasset" 97
"../../../Engine/Content/EngineFonts/Faces/RobotoRegular.uasset" 98
"../../../Engine/Content/EngineFonts/Faces/RobotoLight.uasset" 99
"../../../Engine/Content/EngineFonts/Faces/RobotoItalic.uasset" 100
"../../../Engine/Content/EngineFonts/Faces/RobotoBoldItalic.uasset" 101
"../../../Engine/Content/EngineFonts/Faces/RobotoBold.uasset" 102
"../../../Engine/Content/EngineFonts/Faces/DroidSansFallback.uasset" 103
"../../../Engine/Content/EngineFonts/Roboto.uasset" 104
"../../../Engine/Content/EngineMaterials/BaseFlattenNormalMap.uasset" 105
"../../../Engine/Content/EngineMaterials/BaseFlattenGrayscaleMap.uasset" 106
"../../../Engine/Content/EngineMaterials/BaseFlattenEmissiveMap.uasset" 107
"../../../Engine/Content/EngineMaterials/BaseFlattenDiffuseMap.uasset" 108
"../../../Engine/Content/EngineMaterials/BaseFlattenMaterial.uasset" 109
"../../../Engine/Content/EngineMaterials/BlueNoise.uasset" 110
"../../../Engine/Content/EngineMaterials/DefaultBloomKernel.uasset" 111
"../../../Engine/Content/EngineMaterials/DefaultBokeh.uasset" 112
"../../../Engine/Content/EngineMaterials/DefaultDiffuse.uasset" 113
"../../../Engine/Content/EngineMaterials/DefaultDeferredDecalMaterial.uasset" 114
"../../../Engine/Content/EngineMaterials/DefaultLightFunctionMaterial.uasset" 115
"../../../Engine/Content/EngineMaterials/DefaultPhysicalMaterial.uasset" 116
"../../../Engine/Content/Functions/Engine_MaterialFunctions02/Utility/BreakOutFloat2Components.uasset" 117
"../../../Engine/Content/EngineMaterials/DefaultPostProcessMaterial.uasset" 118
"../../../Engine/Content/EngineFonts/RobotoDistanceField.uasset" 119
"../../../Engine/Content/EngineMaterials/DefaultTextMaterialOpaque.uasset" 120
"../../../Engine/Content/EngineMaterials/DefaultWhiteGrid.uasset" 121
"../../../Engine/Content/EngineMaterials/DefaultWhiteGrid_Low.uasset" 122
"../../../Engine/Content/EngineMaterials/EmissiveMeshMaterial.uasset" 123
"../../../Engine/Content/EngineMaterials/GizmoMaterial.uasset" 124
"../../../Engine/Content/EngineMaterials/Good64x64TilingNoiseHighFreq.uasset" 125
"../../../Engine/Content/EngineMaterials/MiniFont.uasset" 126
"../../../Engine/Content/EngineMaterials/InvalidLightmapSettings.uasset" 127
"../../../Engine/Content/EngineMaterials/M_InvalidLightmapSettings.uasset" 128
"../../../Engine/Content/Functions/Engine_MaterialFunctions02/WorldPositionOffset/CameraOffset.uasset" 129
"../../../Engine/Content/EngineMaterials/PhAT_JointLimitMaterial.uasset" 130
"../../../Engine/Content/EngineMaterials/PreintegratedSkinBRDF.uasset" 131
"../../../Engine/Content/EngineMaterials/RemoveSurfaceMaterial.uasset" 132
"../../../Engine/Content/EngineMaterials/WeightMapPlaceholderTexture.uasset" 133
"../../../Engine/Content/EngineResources/WhiteSquareTexture.uasset" 134
"../../../Engine/Content/EngineMaterials/Widget3DPassThrough.uasset" 135
"../../../Engine/Content/EngineMaterials/Widget3DPassThrough_Masked.uasset" 136
"../../../Engine/Content/EngineMaterials/Widget3DPassThrough_Opaque.uasset" 137
"../../../Engine/Content/EngineMaterials/Widget3DPassThrough_Masked_OneSided.uasset" 138
"../../../Engine/Content/EngineMaterials/Widget3DPassThrough_Opaque_OneSided.uasset" 139
"../../../Engine/Content/EngineMaterials/Widget3DPassThrough_Translucent.uasset" 140
"../../../Engine/Content/EngineMaterials/Widget3DPassThrough_Translucent_OneSided.uasset" 141
"../../../Engine/Content/EngineMeshes/Cube.uasset" 142
"../../../Engine/Content/EngineMeshes/Cylinder.uasset" 143
"../../../Engine/Content/EngineMeshes/Sphere.uasset" 144
"../../../Engine/Content/EngineResources/Black.uasset" 145
"../../../Engine/Content/EngineResources/DefaultTextureCube.uasset" 146
"../../../Engine/Content/EngineResources/DefaultVolumeTexture2D.uasset" 147
"../../../Engine/Content/EngineResources/DefaultVolumeTexture.uasset" 148
"../../../Engine/Content/EngineResources/GradientTexture0.uasset" 149
"../../../Engine/Content/EngineSky/VolumetricClouds/T_NoiseShape64.uasset" 150
"../../../Engine/Content/EngineSky/VolumetricClouds/T_VolumeNoiseShape64.uasset" 151
"../../../Engine/Content/EngineSky/VolumetricClouds/T_NoiseErosion.uasset" 152
"../../../Engine/Content/EngineSky/VolumetricClouds/T_VolumeNoiseErosion32.uasset" 153
"../../../Engine/Content/EngineSky/VolumetricClouds/CloudWeatherTexture.uasset" 154
"../../../Engine/Content/EngineSky/VolumetricClouds/CloudGradientTexture.uasset" 155
"../../../Engine/Content/Functions/Engine_MaterialFunctions02/Utility/MakeFloat2.uasset" 156
"../../../Engine/Content/EngineSky/VolumetricClouds/m_SimpleVolumetricCloud.uasset" 157
"../../../Engine/Content/EngineSky/VolumetricClouds/m_SimpleVolumetricCloud_Inst.uasset" 158
"../../../Engine/Content/EngineSounds/Master.uasset" 159
"../../../Engine/Content/Functions/Engine_MaterialFunctions01/Shading/PowerToRoughness.uasset" 160
"../../../Engine/Content/Maps/Templates/Thumbnails/Default.uasset" 161
"../../../Engine/Content/Maps/Templates/Thumbnails/TimeOfDay.uasset" 162
"../../../Engine/Content/Maps/Templates/Thumbnails/VR-Basic.uasset" 163
"../../../Engine/Content/MobileResources/T_MobileControls_texture.uasset" 164
"../../../Engine/Content/MobileResources/T_MobileMenu2.uasset" 165
"../../../Engine/Content/MobileResources/HUD/AnalogHat.uasset" 166
"../../../Engine/Content/MobileResources/HUD/VirtualJoystick_Thumb.uasset" 167
"../../../Engine/Content/MobileResources/HUD/VirtualJoystick_Background.uasset" 168
"../../../Engine/Content/MobileResources/HUD/DefaultVirtualJoysticks.uasset" 169
"../../../Engine/Content/MobileResources/HUD/LeftVirtualJoystickOnly.uasset" 170
"../../../Engine/Content/MobileResources/HUD/MobileHUDButton1_off.uasset" 171
"../../../Engine/Content/MobileResources/HUD/MobileHUDButton1_on.uasset" 172
"../../../Engine/Content/MobileResources/HUD/MobileHUDButton2_off.uasset" 173
"../../../Engine/Content/MobileResources/HUD/MobileHUDButton2_on.uasset" 174
"../../../Engine/Content/MobileResources/HUD/MobileHUDButton3.uasset" 175
"../../../Engine/Content/MobileResources/HUD/MobileHUDButtonFire.uasset" 176
"../../../Engine/Content/MobileResources/HUD/MobileHUDDirectionPad.uasset" 177
"../../../Engine/Content/MobileResources/HUD/MobileHUDDirectionPad2.uasset" 178
"../../../Engine/Content/MobileResources/HUD/MobileHUDDirectionPad3.uasset" 179
"../../../Engine/Content/MobileResources/HUD/MobileHUDDirectionStick.uasset" 180
"../../../Engine/Content/MobileResources/HUD/T_Castle_ThumbstickInner.uasset" 181
"../../../Engine/Content/MobileResources/HUD/T_Castle_ThumbstickOutter.uasset" 182
"../../../Engine/Content/Tutorial/ContentIntroCurve.uasset" 183
"../../../Engine/Content/Tutorial/Basics/LevelEditorAttract.uasset" 184
"../../../Engine/Content/Tutorial/Basics/TutorialAssets/icon_tab_Levels_40x.uasset" 185
"../../../Engine/Content/Tutorial/Basics/LevelEditorOverview.uasset" 186
"../../../Engine/Content/Tutorial/SubEditors/StaticMeshEditorTutorial.uasset" 187
"../../../Engine/Content/VREditor/TransformGizmo/TranslucentTransformGizmoMaterial.uasset" 188
"../../../Engine/Content/VREditor/LaserPointer/VR_LaserPower_01.uasset" 189
"../../../Engine/Content/VREditor/TransformGizmo/TransformGizmoMaterial.uasset" 190
"../../../Engine/Content/VREditor/TransformGizmo/BoundingBoxCorner.uasset" 191
"../../../Engine/Content/VREditor/TransformGizmo/BoundingBoxEdge.uasset" 192
"../../../Engine/Content/VREditor/TransformGizmo/PlaneTranslationHandle.uasset" 193
"../../../Engine/Content/VREditor/TransformGizmo/Xray.uasset" 194
"../../../Engine/Content/VREditor/TransformGizmo/Main.uasset" 195
"../../../Engine/Content/VREditor/TransformGizmo/SM_Sequencer_Key.uasset" 196
"../../../Engine/Content/VREditor/TransformGizmo/SM_Sequencer_Node.uasset" 197
"../../Plugins/2D/Paper2D/Content/PlaceholderTextures/DummySpriteTexture.uasset" 198
"../../Plugins/2D/Paper2D/Content/DummySprite.uasset" 199
"../../Plugins/2D/Paper2D/Content/DefaultPaperTerrainMaterial.uasset" 200
"../../Plugins/2D/Paper2D/Content/DefaultSpriteMaterial.uasset" 201
"../../Plugins/2D/Paper2D/Content/MaskedUnlitSpriteMaterial.uasset" 202
"../../Plugins/2D/Paper2D/Content/OpaqueUnlitSpriteMaterial.uasset" 203
"../../../Engine/Content/Functions/Engine_MaterialFunctions02/Utility/BreakOutFloat3Components.uasset" 204
"../../Plugins/Editor/SpeedTreeImporter/Content/SpeedTree9/UnpackInteger3.uasset" 205
"../../Plugins/Editor/SpeedTreeImporter/Content/SpeedTree9/UnpackDirection.uasset" 206
"../../Plugins/Editor/SpeedTreeImporter/Content/SpeedTree9/game_wind_noise.uasset" 207
"../../../Engine/Content/Functions/Engine_MaterialFunctions02/SafeNormalize.uasset" 208
"../../Plugins/Editor/SpeedTreeImporter/Content/SpeedTree9/SpeedTreeWindMotion.uasset" 209
"../../Plugins/Editor/SpeedTreeImporter/Content/SpeedTree9/SpeedTreeBranchMotion.uasset" 210
"../../../Engine/Content/Functions/Engine_MaterialFunctions02/ObjectLocalBounds.uasset" 211
"../../../Engine/Content/Functions/Engine_MaterialFunctions02/UVs/BoundingBoxBased_0-1_UVW.uasset" 212
"../../Plugins/Editor/SpeedTreeImporter/Content/SpeedTree9/SpeedTreeWind.uasset" 213
"../../Plugins/Editor/SpeedTreeImporter/Content/SpeedTree9/SpeedTreeBillboard.uasset" 214
"../../../Engine/Content/EngineResources/DefaultTexture.uasset" 215
"../../Plugins/Editor/SpeedTreeImporter/Content/SpeedTree9/SpeedTreeBillboardMaster.uasset" 216
"../../Plugins/Editor/SpeedTreeImporter/Content/SpeedTree9/SpeedTreeCameraFacing.uasset" 217
"../../Plugins/Editor/SpeedTreeImporter/Content/SpeedTree9/SpeedTreeMaster.uasset" 218
"../../../Engine/Content/BasicShapes/Cylinder.uasset" 219
"../../../Engine/Content/ArtTools/RenderToTexture/Materials/Debug/M_Emissive_Color.uasset" 220
"../../Plugins/Lumin/MagicLeapPassableWorld/Content/MagicLeapARPinInfoActor.uasset" 221
"../../../Engine/Content/Functions/Engine_MaterialFunctions02/Utility/BreakOutFloat4Components.uasset" 222
"../../../Engine/Content/Functions/Engine_MaterialFunctions02/Utility/MakeFloat3.uasset" 223
"../../Plugins/Runtime/Oculus/OculusVR/Content/Materials/OculusMR_ChromaKey.uasset" 224
"../../Plugins/Runtime/Oculus/OculusVR/Content/Materials/OculusMR_OpaqueColoredMaterial.uasset" 225
"../../Plugins/Runtime/Oculus/OculusVR/Content/Materials/PokeAHoleMaterial.uasset" 226
"../../../../../../Users/Murilinho/Documents/Unreal Projects/BloodRunner/Content/ThirdPerson/Meshes/RampMaterial.uasset" 227
"../../../../../../Users/Murilinho/Documents/Unreal Projects/BloodRunner/Content/ThirdPerson/Meshes/RightArm_StaticMesh.uasset" 228
"../../../../../../Users/Murilinho/Documents/Unreal Projects/BloodRunner/Content/ThirdPerson/Meshes/Ramp_StaticMesh.uasset" 229
"../../../../../../Users/Murilinho/Documents/Unreal Projects/BloodRunner/Content/ThirdPerson/Meshes/Linear_Stair_StaticMesh.uasset" 230
"../../../../../../Users/Murilinho/Documents/Unreal Projects/BloodRunner/Content/ThirdPerson/Meshes/LeftArm_StaticMesh.uasset" 231
"../../../../../../Users/Murilinho/Documents/Unreal Projects/BloodRunner/Content/ThirdPerson/Meshes/Bump_StaticMesh.uasset" 232
"../../../../../../Users/Murilinho/Documents/Unreal Projects/BloodRunner/Content/Geometry/Meshes/TemplateFloor.uasset" 233
"../../../Engine/Content/EngineSky/T_Sky_Stars.uasset" 234
"../../../Engine/Content/EngineSky/T_Sky_Clouds_M.uasset" 235
"../../../Engine/Content/EngineSky/T_Sky_Blue.uasset" 236
"../../../Engine/Content/EngineSky/M_Sky_Panning_Clouds2.uasset" 237
"../../../../../../Users/Murilinho/Documents/Unreal Projects/BloodRunner/Content/Maps/GameMap_BuiltData.uasset" 238
"../../../Engine/Content/EngineSky/SM_SkySphere.uasset" 239
"../../../Engine/Content/EngineSky/C_Sky_Zenith_Color.uasset" 240
"../../../Engine/Content/EngineSky/C_Sky_Horizon_Color.uasset" 241
"../../../Engine/Content/EngineSky/C_Sky_Cloud_Color.uasset" 242
"../../../Engine/Content/EngineSky/BP_Sky_Sphere.uasset" 243
"../../../../../../Users/Murilinho/Documents/Unreal Projects/BloodRunner/Content/Maps/GameMap.umap" 244
"../../../../../../Users/Murilinho/Documents/Unreal Projects/BloodRunner/Content/Blueprints/BP_MainMenu.uasset" 245
"../../../Engine/Content/BasicShapes/Cube.uasset" 246
"../../../../../../Users/Murilinho/Documents/Unreal Projects/BloodRunner/Content/Maps/MainMenuMap_BuiltData.uasset" 247
"../../../../../../Users/Murilinho/Documents/Unreal Projects/BloodRunner/Content/Maps/MainMenuMap.umap" 248
"../../../Engine/Content/Maps/Entry_BuiltData.uasset" 249
"../../../Engine/Content/Maps/Entry.umap" 250
